# output generated by /home/in268/.local/bin/gat-run.py --ignore-segment-tracks --segments=feature_bed_processed.bed --annotations=annotation_bed_processed.bed --workspace=workspace.bed --num-samples=1000 --log=gat.log
# job started at Sun Apr  3 09:00:54 2022 on SS17 -- 8ea354d8-ef57-4117-b559-5b71941c8474
# pid: 60704, system: Linux 5.6.13-100.fc30.x86_64 #1 SMP Fri May 15 00:36:06 UTC 2020 x86_64
# annotation_files                        : ['annotation_bed_processed.bed']
# annotations_label                       : None
# annotations_to_points                   : None
# bucket_size                             : 0
# cache                                   : None
# conditional                             : unconditional
# conditional_expansion                   : None
# conditional_extension                   : None
# counters                                : []
# enable_split_tracks                     : False
# ignore_segment_tracks                   : True
# input_filename_counts                   : None
# input_filename_descriptions             : None
# input_filename_results                  : None
# isochore_files                          : None
# loglevel                                : 1
# nbuckets                                : 100000
# null                                    : default
# num_samples                             : 1000
# num_threads                             : 0
# output_bed                              : []
# output_counts_pattern                   : None
# output_filename_pattern                 : %s
# output_force                            : False
# output_order                            : fold
# output_plots_pattern                    : None
# output_samples_pattern                  : None
# output_stats                            : []
# output_tables_pattern                   : %s.tsv.gz
# overlapping_annotations                 : False
# pseudo_count                            : 1.0
# pvalue_method                           : empirical
# qvalue_lambda                           : None
# qvalue_method                           : BH
# qvalue_pi0_method                       : smoother
# random_seed                             : None
# restrict_workspace                      : False
# sample_files                            : []
# sampler                                 : annotator
# segment_files                           : ['feature_bed_processed.bed']
# shift_expansion                         : 2.0
# shift_extension                         : 0
# short_help                              : None
# stderr                                  : <_io.TextIOWrapper name='<stderr>' mode='w' encoding='UTF-8'>
# stdin                                   : <_io.TextIOWrapper name='<stdin>' mode='r' encoding='UTF-8'>
# stdlog                                  : <_io.TextIOWrapper name='gat.log' mode='a' encoding='UTF-8'>
# stdout                                  : <_io.TextIOWrapper name='<stdout>' mode='w' encoding='UTF-8'>
# timeit_file                             : None
# timeit_header                           : None
# timeit_name                             : all
# truncate_segments_to_workspace          : False
# truncate_workspace_to_annotations       : False
# workspace_files                         : ['workspace.bed']
2022-04-03 09:00:54,321 INFO segments: reading tracks from 1 files
2022-04-03 09:00:54,329 INFO segments: read 1 tracks from 1 files
2022-04-03 09:00:54,329 INFO annotations: reading tracks from 1 files
2022-04-03 09:00:54,558 INFO annotations: read 7 tracks from 1 files
2022-04-03 09:00:54,561 INFO workspaces: reading tracks from 1 files
# output generated by /home/in268/.local/bin/gat-run.py --ignore-segment-tracks --segments=feature_bed_processed.bed --annotations=annotation_bed_processed.bed --workspace=workspace.bed --num-samples=1000 --log=gat.log
# job started at Sun Apr  3 09:03:40 2022 on SS17 -- 67cb31d5-8a23-4d72-b89a-b34a0c2ee354
# pid: 60941, system: Linux 5.6.13-100.fc30.x86_64 #1 SMP Fri May 15 00:36:06 UTC 2020 x86_64
# annotation_files                        : ['annotation_bed_processed.bed']
# annotations_label                       : None
# annotations_to_points                   : None
# bucket_size                             : 0
# cache                                   : None
# conditional                             : unconditional
# conditional_expansion                   : None
# conditional_extension                   : None
# counters                                : []
# enable_split_tracks                     : False
# ignore_segment_tracks                   : True
# input_filename_counts                   : None
# input_filename_descriptions             : None
# input_filename_results                  : None
# isochore_files                          : None
# loglevel                                : 1
# nbuckets                                : 100000
# null                                    : default
# num_samples                             : 1000
# num_threads                             : 0
# output_bed                              : []
# output_counts_pattern                   : None
# output_filename_pattern                 : %s
# output_force                            : False
# output_order                            : fold
# output_plots_pattern                    : None
# output_samples_pattern                  : None
# output_stats                            : []
# output_tables_pattern                   : %s.tsv.gz
# overlapping_annotations                 : False
# pseudo_count                            : 1.0
# pvalue_method                           : empirical
# qvalue_lambda                           : None
# qvalue_method                           : BH
# qvalue_pi0_method                       : smoother
# random_seed                             : None
# restrict_workspace                      : False
# sample_files                            : []
# sampler                                 : annotator
# segment_files                           : ['feature_bed_processed.bed']
# shift_expansion                         : 2.0
# shift_extension                         : 0
# short_help                              : None
# stderr                                  : <_io.TextIOWrapper name='<stderr>' mode='w' encoding='UTF-8'>
# stdin                                   : <_io.TextIOWrapper name='<stdin>' mode='r' encoding='UTF-8'>
# stdlog                                  : <_io.TextIOWrapper name='gat.log' mode='a' encoding='UTF-8'>
# stdout                                  : <_io.TextIOWrapper name='<stdout>' mode='w' encoding='UTF-8'>
# timeit_file                             : None
# timeit_header                           : None
# timeit_name                             : all
# truncate_segments_to_workspace          : False
# truncate_workspace_to_annotations       : False
# workspace_files                         : ['workspace.bed']
2022-04-03 09:03:40,467 INFO segments: reading tracks from 1 files
2022-04-03 09:03:40,473 INFO segments: read 1 tracks from 1 files
2022-04-03 09:03:40,474 INFO annotations: reading tracks from 1 files
2022-04-03 09:03:40,693 INFO annotations: read 7 tracks from 1 files
2022-04-03 09:03:40,696 INFO workspaces: reading tracks from 1 files
2022-04-03 09:03:40,888 INFO workspaces: read 1 tracks from 1 files
2022-04-03 09:03:40,891 INFO collapsing workspaces
2022-04-03 09:03:40,891 INFO intervals loaded in 0 seconds
2022-04-03 09:03:40,895 INFO collecting observed counts
2022-04-03 09:03:40,895 INFO starting sampling
2022-04-03 09:03:40,895 INFO sampling: merged: 1/1
2022-04-03 09:03:40,895 INFO performing unconditional sampling
2022-04-03 09:03:40,897 INFO workspace without conditioning: 145046 segments, 145046 nucleotides
2022-04-03 09:03:40,897 INFO workspace after conditioning: 145046 segments, 145046 nucleotides
2022-04-03 09:03:40,897 INFO sampling started
2022-04-03 09:03:40,937 INFO 0/1000 done ( 0.00)
2022-04-03 09:03:44,766 INFO 100/1000 done (10.00)
2022-04-03 09:03:48,601 INFO 200/1000 done (20.00)
2022-04-03 09:03:52,422 INFO 300/1000 done (30.00)
2022-04-03 09:03:56,246 INFO 400/1000 done (40.00)
2022-04-03 09:04:00,072 INFO 500/1000 done (50.00)
2022-04-03 09:04:03,903 INFO 600/1000 done (60.00)
2022-04-03 09:04:07,735 INFO 700/1000 done (70.00)
2022-04-03 09:04:11,572 INFO 800/1000 done (80.00)
2022-04-03 09:04:15,409 INFO 900/1000 done (90.00)
2022-04-03 09:04:19,209 INFO sampling completed
2022-04-03 09:04:19,211 INFO sampling finished
2022-04-03 09:04:19,211 INFO computing PValue statistics
2022-04-03 09:04:19,217 INFO computing FDR statistics
# job finished in 38 seconds at Sun Apr  3 09:04:19 2022 -- 45.25  8.01  0.00  0.00 -- 67cb31d5-8a23-4d72-b89a-b34a0c2ee354
